<?xml version="1.0" encoding="UTF-8"?>
<!-- Generated by org.testng.reporters.JUnitXMLReporter -->
<testsuite ignored="0" hostname="SAURABH" failures="1" tests="4" name="ChromeTest" time="21.664" errors="0" timestamp="2022-09-30T21:01:03 IST">
  <testcase classname="com.sauceDemo.TestCLasses.TC004_VerifyMultipleproductAddtoCartFunctionality" name="mutipleProductAddToCartFunctionality" time="0.955">
    <failure type="java.lang.AssertionError" message="expected [6] but found [3]">
      <![CDATA[java.lang.AssertionError: expected [6] but found [3]
at com.sauceDemo.TestCLasses.TC004_VerifyMultipleproductAddtoCartFunctionality.mutipleProductAddToCartFunctionality(TC004_VerifyMultipleproductAddtoCartFunctionality.java:22)
at java.base/java.util.ArrayList.forEach(ArrayList.java:1511)
... Removed 31 stack frames]]>
    </failure>
  </testcase> <!-- mutipleProductAddToCartFunctionality -->
  <testcase classname="com.sauceDemo.TestCLasses.TC002_VerifyLogOutFunctionality" name="logOutFunctionality" time="0.402"/>
  <testcase classname="com.sauceDemo.TestCLasses.TC003_VerfiyBagProductAddtoCartFunctionality" name="bagProductAddTOCartFunctionality" time="0.578"/>
  <testcase classname="com.sauceDemo.TestCLasses.TC001_VerifyLoginFunctionality" name="loginFuntionality" time="0.702"/>
</testsuite> <!-- ChromeTest -->
