<?xml version="1.0" encoding="UTF-8"?>
<!-- Generated by org.testng.reporters.JUnitXMLReporter -->
<testsuite ignored="0" hostname="SAURABH" failures="1" tests="1" name="ChromeTest(failed)" time="5.554" errors="0" timestamp="2022-09-17T18:49:10 IST">
  <testcase classname="com.sauceDemo.TestCLasses.TC004_VerifyMultipleproductAddtoCartFunctionality" name="mutipleProductAddToCartFunctionality" time="0.569">
    <failure type="java.lang.AssertionError" message="expected [6] but found [3]">
      <![CDATA[java.lang.AssertionError: expected [6] but found [3]
at com.sauceDemo.TestCLasses.TC004_VerifyMultipleproductAddtoCartFunctionality.mutipleProductAddToCartFunctionality(TC004_VerifyMultipleproductAddtoCartFunctionality.java:22)
at java.base/java.util.ArrayList.forEach(ArrayList.java:1511)
... Removed 31 stack frames]]>
    </failure>
  </testcase> <!-- mutipleProductAddToCartFunctionality -->
</testsuite> <!-- ChromeTest(failed) -->
